2026-01-03 23:57:06,094 INFO Scheduler started
2026-01-03 23:57:06,101 INFO Scheduler started
2026-01-03 23:57:06,271 INFO Scheduler started
2026-01-03 23:57:06,305 INFO Added job "parse_rss_feeds" to job store "default"
2026-01-03 23:57:06,310 INFO Added job "parse_rss_feeds" to job store "default"
2026-01-03 23:57:06,311 INFO Планировщик APScheduler запущен.
2026-01-03 23:57:06,311 INFO Планировщик APScheduler запущен.
2026-01-03 23:57:06,354 INFO Added job "parse_rss_feeds" to job store "default"
2026-01-03 23:57:06,358 INFO Планировщик APScheduler запущен.
2026-01-03 23:57:06,413 INFO Scheduler started
2026-01-03 23:57:06,496 INFO Added job "parse_rss_feeds" to job store "default"
2026-01-03 23:57:06,496 INFO Планировщик APScheduler запущен.
2026-01-03 23:57:08,938 INFO Scheduler started
2026-01-03 23:57:09,120 INFO Added job "parse_rss_feeds" to job store "default"
2026-01-03 23:57:09,125 INFO Планировщик APScheduler запущен.
2026-01-03 23:57:09,311 INFO Scheduler started
2026-01-03 23:57:09,457 INFO Added job "parse_rss_feeds" to job store "default"
2026-01-03 23:57:09,457 INFO Планировщик APScheduler запущен.
2026-01-03 23:57:09,515 INFO Scheduler started
2026-01-03 23:57:09,520 INFO Scheduler started
2026-01-03 23:57:09,552 INFO Added job "parse_rss_feeds" to job store "default"
2026-01-03 23:57:09,552 INFO Планировщик APScheduler запущен.
2026-01-03 23:57:09,554 INFO Added job "parse_rss_feeds" to job store "default"
2026-01-03 23:57:09,558 INFO Планировщик APScheduler запущен.
2026-01-03 23:59:06,375 INFO Пользователь a12021a@mail.ru вошел в систему.
2026-01-03 23:59:24,206 INFO Пользователь xrustit@yandex.ru вошел в систему.
2026-01-04 00:00:24,103 INFO Пользователь xrustit@gmail.com вошел в систему.
2026-01-04 00:04:12,492 INFO Scheduler started
2026-01-04 00:04:12,512 INFO Added job "parse_rss_feeds" to job store "default"
2026-01-04 00:04:12,512 INFO Планировщик APScheduler запущен.
2026-01-04 00:06:36,135 INFO TG: Успешно удален msg_id 477 из chat_id @test_11_112
2026-01-04 00:06:41,210 INFO TG: Успешно удален msg_id 476 из chat_id @test_11_112
2026-01-04 00:06:45,538 INFO TG: Успешно удален msg_id 475 из chat_id @test_11_112
2026-01-04 00:12:09,122 INFO Running job "parse_rss_feeds (trigger: interval[0:15:00], next run at: 2026-01-03 21:12:09 UTC)" (scheduled at 2026-01-03 21:12:09.120491+00:00)
2026-01-04 00:12:09,458 INFO Running job "parse_rss_feeds (trigger: interval[0:15:00], next run at: 2026-01-03 21:12:09 UTC)" (scheduled at 2026-01-03 21:12:09.457440+00:00)
2026-01-04 00:12:09,459 INFO Job "parse_rss_feeds (trigger: interval[0:15:00], next run at: 2026-01-03 21:27:09 UTC)" executed successfully
2026-01-04 00:12:09,554 INFO Running job "parse_rss_feeds (trigger: interval[0:15:00], next run at: 2026-01-03 21:12:09 UTC)" (scheduled at 2026-01-03 21:12:09.552528+00:00)
2026-01-04 00:12:09,556 INFO Job "parse_rss_feeds (trigger: interval[0:15:00], next run at: 2026-01-03 21:27:09 UTC)" executed successfully
2026-01-04 00:12:09,556 INFO Running job "parse_rss_feeds (trigger: interval[0:15:00], next run at: 2026-01-03 21:12:09 UTC)" (scheduled at 2026-01-03 21:12:09.554779+00:00)
2026-01-04 00:12:09,557 INFO Job "parse_rss_feeds (trigger: interval[0:15:00], next run at: 2026-01-03 21:27:09 UTC)" executed successfully
2026-01-04 00:12:11,123 INFO Job "parse_rss_feeds (trigger: interval[0:15:00], next run at: 2026-01-03 21:27:09 UTC)" executed successfully
